<?xml version="1.0" encoding="UTF-8"?>
<!-- Generated by org.testng.reporters.JUnitReportReporter -->
<testsuite hostname="Rakesh-Singh" failures="0" tests="10" name="com.qa.opencart.tests.AccountPageTest" time="3.481" errors="0" timestamp="21 Jul 2024 17:03:46 GMT" skipped="0">
  <testcase classname="com.qa.opencart.tests.AccountPageTest" name="homePageHeader" time="0.095"/>
  <testcase classname="com.qa.opencart.tests.AccountPageTest" name="getContentMainHeaderList" time="0.415"/>
  <testcase classname="com.qa.opencart.tests.AccountPageTest" name="getPageUrlTest" time="0.026"/>
  <testcase classname="com.qa.opencart.tests.AccountPageTest" name="myAccountPresent" time="0.075"/>
  <testcase classname="com.qa.opencart.tests.AccountPageTest" name="footerLinkAllList" time="1.714"/>
  <testcase classname="com.qa.opencart.tests.AccountPageTest" name="userLogOutPage" time="0.832"/>
  <testcase classname="com.qa.opencart.tests.AccountPageTest" name="searchBoxPresent" time="0.107"/>
  <testcase classname="com.qa.opencart.tests.AccountPageTest" name="accountTitleTest" time="0.040"/>
  <testcase classname="com.qa.opencart.tests.AccountPageTest" name="logoutLinkPresent" time="0.109"/>
  <testcase classname="com.qa.opencart.tests.AccountPageTest" name="addToCartButtonPresent" time="0.068"/>
</testsuite> <!-- com.qa.opencart.tests.AccountPageTest -->
