<?xml version="1.0" encoding="UTF-8"?>
<!-- Generated by org.testng.reporters.JUnitReportReporter -->
<testsuite hostname="Rakesh-Singh" failures="0" tests="4" name="com.qa.opencart.tests.RegisterTest" time="31.297" errors="0" timestamp="22 Jul 2024 10:31:18 GMT" skipped="0">
  <testcase classname="com.qa.opencart.tests.RegisterTest" name="userRegisterTest" time="5.950"/>
  <testcase classname="com.qa.opencart.tests.RegisterTest" name="userRegisterTest" time="7.632"/>
  <testcase classname="com.qa.opencart.tests.RegisterTest" name="userRegisterTest" time="9.132"/>
  <testcase classname="com.qa.opencart.tests.RegisterTest" name="userRegisterTest" time="8.583"/>
</testsuite> <!-- com.qa.opencart.tests.RegisterTest -->
