<?xml version="1.0" encoding="UTF-8"?>
<!-- Generated by org.testng.reporters.JUnitReportReporter -->
<testsuite hostname="Rakesh-Singh" failures="0" tests="10" name="com.qa.opencart.tests.AccountPageTest" time="10.443" errors="0" timestamp="21 Jul 2024 11:04:33 GMT" skipped="0">
  <testcase classname="com.qa.opencart.tests.AccountPageTest" name="myAccountPresent" time="0.159"/>
  <testcase classname="com.qa.opencart.tests.AccountPageTest" name="getPageUrlTest" time="0.101"/>
  <testcase classname="com.qa.opencart.tests.AccountPageTest" name="accountTitleTest" time="0.439"/>
  <testcase classname="com.qa.opencart.tests.AccountPageTest" name="addToCartButtonPresent" time="0.251"/>
  <testcase classname="com.qa.opencart.tests.AccountPageTest" name="getContentMainHeaderList" time="1.567"/>
  <testcase classname="com.qa.opencart.tests.AccountPageTest" name="footerLinkAllList" time="5.996"/>
  <testcase classname="com.qa.opencart.tests.AccountPageTest" name="homePageHeader" time="0.458"/>
  <testcase classname="com.qa.opencart.tests.AccountPageTest" name="logoutLinkPresent" time="0.167"/>
  <testcase classname="com.qa.opencart.tests.AccountPageTest" name="searchBoxPresent" time="0.168"/>
  <testcase classname="com.qa.opencart.tests.AccountPageTest" name="userLogOutPage" time="1.137"/>
</testsuite> <!-- com.qa.opencart.tests.AccountPageTest -->
